This is pdfTeX, Version 3.141592653-2.6-1.40.24 (TeX Live 2022/Debian) (preloaded format=pdflatex 2023.10.16)  1 JAN 2024 23:06
entering extended mode
 restricted \write18 enabled.
 file:line:error style messages enabled.
 %&-line parsing enabled.
**/home/torres/Documents/Github/PracticasMC/Examen/Examen.tex
(/home/torres/Documents/Github/PracticasMC/Examen/Examen.tex
LaTeX2e <2022-11-01> patch level 1
L3 programming layer <2023-01-16> (/usr/share/texlive/texmf-dist/tex/latex/base/article.cls
Document Class: article 2022/07/02 v1.4n Standard LaTeX document class
(/usr/share/texlive/texmf-dist/tex/latex/base/size10.clo
File: size10.clo 2022/07/02 v1.4n Standard LaTeX file (size option)
)
\c@part=\count185
\c@section=\count186
\c@subsection=\count187
\c@subsubsection=\count188
\c@paragraph=\count189
\c@subparagraph=\count190
\c@figure=\count191
\c@table=\count192
\abovecaptionskip=\skip48
\belowcaptionskip=\skip49
\bibindent=\dimen140
) (/usr/share/texlive/texmf-dist/tex/latex/amsmath/amsmath.sty
Package: amsmath 2022/04/08 v2.17n AMS math features
\@mathmargin=\skip50

For additional information on amsmath, use the `?' option.
(/usr/share/texlive/texmf-dist/tex/latex/amsmath/amstext.sty
Package: amstext 2021/08/26 v2.01 AMS text
 (/usr/share/texlive/texmf-dist/tex/latex/amsmath/amsgen.sty
File: amsgen.sty 1999/11/30 v2.0 generic functions
\@emptytoks=\toks16
\ex@=\dimen141
)) (/usr/share/texlive/texmf-dist/tex/latex/amsmath/amsbsy.sty
Package: amsbsy 1999/11/29 v1.2d Bold Symbols
\pmbraise@=\dimen142
) (/usr/share/texlive/texmf-dist/tex/latex/amsmath/amsopn.sty
Package: amsopn 2022/04/08 v2.04 operator names
)
\inf@bad=\count193
LaTeX Info: Redefining \frac on input line 234.
\uproot@=\count194
\leftroot@=\count195
LaTeX Info: Redefining \overline on input line 399.
LaTeX Info: Redefining \colon on input line 410.
\classnum@=\count196
\DOTSCASE@=\count197
LaTeX Info: Redefining \ldots on input line 496.
LaTeX Info: Redefining \dots on input line 499.
LaTeX Info: Redefining \cdots on input line 620.
\Mathstrutbox@=\box51
\strutbox@=\box52
LaTeX Info: Redefining \big on input line 722.
LaTeX Info: Redefining \Big on input line 723.
LaTeX Info: Redefining \bigg on input line 724.
LaTeX Info: Redefining \Bigg on input line 725.
\big@size=\dimen143
LaTeX Font Info:    Redeclaring font encoding OML on input line 743.
LaTeX Font Info:    Redeclaring font encoding OMS on input line 744.
\macc@depth=\count198
LaTeX Info: Redefining \bmod on input line 905.
LaTeX Info: Redefining \pmod on input line 910.
LaTeX Info: Redefining \smash on input line 940.
LaTeX Info: Redefining \relbar on input line 970.
LaTeX Info: Redefining \Relbar on input line 971.
\c@MaxMatrixCols=\count199
\dotsspace@=\muskip16
\c@parentequation=\count266
\dspbrk@lvl=\count267
\tag@help=\toks17
\row@=\count268
\column@=\count269
\maxfields@=\count270
\andhelp@=\toks18
\eqnshift@=\dimen144
\alignsep@=\dimen145
\tagshift@=\dimen146
\tagwidth@=\dimen147
\totwidth@=\dimen148
\lineht@=\dimen149
\@envbody=\toks19
\multlinegap=\skip51
\multlinetaggap=\skip52
\mathdisplay@stack=\toks20
LaTeX Info: Redefining \[ on input line 2953.
LaTeX Info: Redefining \] on input line 2954.
) (/usr/share/texlive/texmf-dist/tex/latex/amsfonts/amssymb.sty
Package: amssymb 2013/01/14 v3.01 AMS font symbols
 (/usr/share/texlive/texmf-dist/tex/latex/amsfonts/amsfonts.sty
Package: amsfonts 2013/01/14 v3.01 Basic AMSFonts support
\symAMSa=\mathgroup4
\symAMSb=\mathgroup5
LaTeX Font Info:    Redeclaring math symbol \hbar on input line 98.
LaTeX Font Info:    Overwriting math alphabet `\mathfrak' in version `bold'
(Font)                  U/euf/m/n --> U/euf/b/n on input line 106.
)) (/usr/share/texlive/texmf-dist/tex/latex/graphics/graphicx.sty
Package: graphicx 2021/09/16 v1.2d Enhanced LaTeX Graphics (DPC,SPQR)
 (/usr/share/texlive/texmf-dist/tex/latex/graphics/keyval.sty
Package: keyval 2022/05/29 v1.15 key=value parser (DPC)
\KV@toks@=\toks21
) (/usr/share/texlive/texmf-dist/tex/latex/graphics/graphics.sty
Package: graphics 2022/03/10 v1.4e Standard LaTeX Graphics (DPC,SPQR)
 (/usr/share/texlive/texmf-dist/tex/latex/graphics/trig.sty
Package: trig 2021/08/11 v1.11 sin cos tan (DPC)
) (/usr/share/texlive/texmf-dist/tex/latex/graphics-cfg/graphics.cfg
File: graphics.cfg 2016/06/04 v1.11 sample graphics configuration
)
Package graphics Info: Driver file: pdftex.def on input line 107.
 (/usr/share/texlive/texmf-dist/tex/latex/graphics-def/pdftex.def
File: pdftex.def 2022/09/22 v1.2b Graphics/color driver for pdftex
))
\Gin@req@height=\dimen150
\Gin@req@width=\dimen151
) (/usr/share/texlive/texmf-dist/tex/latex/caption/subcaption.sty
Package: subcaption 2022/01/07 v1.5 Sub-captions (AR)
 (/usr/share/texlive/texmf-dist/tex/latex/caption/caption.sty
Package: caption 2022/03/01 v3.6b Customizing captions (AR)
 (/usr/share/texlive/texmf-dist/tex/latex/caption/caption3.sty
Package: caption3 2022/03/17 v2.3b caption3 kernel (AR)
\caption@tempdima=\dimen152
\captionmargin=\dimen153
\caption@leftmargin=\dimen154
\caption@rightmargin=\dimen155
\caption@width=\dimen156
\caption@indent=\dimen157
\caption@parindent=\dimen158
\caption@hangindent=\dimen159
Package caption Info: Standard document class detected.
)
\c@caption@flags=\count271
\c@continuedfloat=\count272
)
\c@subfigure=\count273
\c@subtable=\count274
) (/usr/share/texlive/texmf-dist/tex/latex/tools/tabularx.sty
Package: tabularx 2020/01/15 v2.11c `tabularx' package (DPC)
 (/usr/share/texlive/texmf-dist/tex/latex/tools/array.sty
Package: array 2022/09/04 v2.5g Tabular extension package (FMi)
\col@sep=\dimen160
\ar@mcellbox=\box53
\extrarowheight=\dimen161
\NC@list=\toks22
\extratabsurround=\skip53
\backup@length=\skip54
\ar@cellbox=\box54
)
\TX@col@width=\dimen162
\TX@old@table=\dimen163
\TX@old@col=\dimen164
\TX@target=\dimen165
\TX@delta=\dimen166
\TX@cols=\count275
\TX@ftn=\toks23
) (/usr/share/texlive/texmf-dist/tex/latex/l3backend/l3backend-pdftex.def
File: l3backend-pdftex.def 2023-01-16 L3 backend support: PDF output (pdfTeX)
\l__color_backend_stack_int=\count276
\l__pdf_internal_box=\box55
) (./Examen.aux

LaTeX Warning: Label `fig:label1' multiply defined.


LaTeX Warning: Label `sub@fig:label1' multiply defined.


LaTeX Warning: Label `fig:label2' multiply defined.


LaTeX Warning: Label `sub@fig:label2' multiply defined.


LaTeX Warning: Label `fig:label3' multiply defined.


LaTeX Warning: Label `sub@fig:label3' multiply defined.


LaTeX Warning: Label `fig:matrix1' multiply defined.


LaTeX Warning: Label `fig:label4' multiply defined.


LaTeX Warning: Label `fig:label1' multiply defined.


LaTeX Warning: Label `sub@fig:label1' multiply defined.


LaTeX Warning: Label `fig:label2' multiply defined.


LaTeX Warning: Label `sub@fig:label2' multiply defined.


LaTeX Warning: Label `fig:label4' multiply defined.


LaTeX Warning: Label `fig:label4' multiply defined.


LaTeX Warning: Label `fig:label4' multiply defined.


LaTeX Warning: Label `fig:label4' multiply defined.


LaTeX Warning: Label `fig:label4' multiply defined.


LaTeX Warning: Label `fig:label4' multiply defined.


LaTeX Warning: Label `fig:label4' multiply defined.


LaTeX Warning: Label `fig:label4' multiply defined.


LaTeX Warning: Label `fig:label4' multiply defined.


LaTeX Warning: Label `fig:label4' multiply defined.


LaTeX Warning: Label `fig:label4' multiply defined.


LaTeX Warning: Label `fig:label4' multiply defined.


LaTeX Warning: Label `fig:label4' multiply defined.


LaTeX Warning: Label `fig:label4' multiply defined.


LaTeX Warning: Label `fig:label4' multiply defined.


LaTeX Warning: Label `fig:label4' multiply defined.


LaTeX Warning: Label `fig:label4' multiply defined.


LaTeX Warning: Label `fig:label4' multiply defined.


LaTeX Warning: Label `fig:label4' multiply defined.


LaTeX Warning: Label `fig:label4' multiply defined.

)
\openout1 = `Examen.aux'.

LaTeX Font Info:    Checking defaults for OML/cmm/m/it on input line 11.
LaTeX Font Info:    ... okay on input line 11.
LaTeX Font Info:    Checking defaults for OMS/cmsy/m/n on input line 11.
LaTeX Font Info:    ... okay on input line 11.
LaTeX Font Info:    Checking defaults for OT1/cmr/m/n on input line 11.
LaTeX Font Info:    ... okay on input line 11.
LaTeX Font Info:    Checking defaults for T1/cmr/m/n on input line 11.
LaTeX Font Info:    ... okay on input line 11.
LaTeX Font Info:    Checking defaults for TS1/cmr/m/n on input line 11.
LaTeX Font Info:    ... okay on input line 11.
LaTeX Font Info:    Checking defaults for OMX/cmex/m/n on input line 11.
LaTeX Font Info:    ... okay on input line 11.
LaTeX Font Info:    Checking defaults for U/cmr/m/n on input line 11.
LaTeX Font Info:    ... okay on input line 11.
 (/usr/share/texlive/texmf-dist/tex/context/base/mkii/supp-pdf.mkii
[Loading MPS to PDF converter (version 2006.09.02).]
\scratchcounter=\count277
\scratchdimen=\dimen167
\scratchbox=\box56
\nofMPsegments=\count278
\nofMParguments=\count279
\everyMPshowfont=\toks24
\MPscratchCnt=\count280
\MPscratchDim=\dimen168
\MPnumerator=\count281
\makeMPintoPDFobject=\count282
\everyMPtoPDFconversion=\toks25
) (/usr/share/texlive/texmf-dist/tex/latex/epstopdf-pkg/epstopdf-base.sty
Package: epstopdf-base 2020-01-24 v2.11 Base part for package epstopdf
Package epstopdf-base Info: Redefining graphics rule for `.eps' on input line 485.
 (/usr/share/texlive/texmf-dist/tex/latex/latexconfig/epstopdf-sys.cfg
File: epstopdf-sys.cfg 2010/07/13 v1.3 Configuration of (r)epstopdf for TeX Live
))
Package caption Info: Begin \AtBeginDocument code.
Package caption Info: End \AtBeginDocument code.
<./Imagenes/logo_universidad_de_granada.png, id=1, 1284.8pt x 408.52625pt>
File: ./Imagenes/logo_universidad_de_granada.png Graphic file (type png)
<use ./Imagenes/logo_universidad_de_granada.png>
Package pdftex.def Info: ./Imagenes/logo_universidad_de_granada.png  used on input line 22.
(pdftex.def)             Requested size: 345.0pt x 109.6989pt.
 [1

{/var/lib/texmf/fonts/map/pdftex/updmap/pdftex.map} <./Imagenes/logo_universidad_de_granada.png>]
LaTeX Font Info:    Trying to load font information for U+msa on input line 41.
 (/usr/share/texlive/texmf-dist/tex/latex/amsfonts/umsa.fd
File: umsa.fd 2013/01/14 v3.01 AMS symbols A
)
LaTeX Font Info:    Trying to load font information for U+msb on input line 41.
 (/usr/share/texlive/texmf-dist/tex/latex/amsfonts/umsb.fd
File: umsb.fd 2013/01/14 v3.01 AMS symbols B
)
Overfull \hbox (15.0pt too wide) in paragraph at lines 81--82
[][] 
 []

[1]
<./Imagenes/image1.png, id=22, 217.81375pt x 263.98625pt>
File: ./Imagenes/image1.png Graphic file (type png)
<use ./Imagenes/image1.png>
Package pdftex.def Info: ./Imagenes/image1.png  used on input line 91.
(pdftex.def)             Requested size: 120.7521pt x 146.34894pt.
<./Imagenes/image2.png, id=23, 410.53375pt x 113.42375pt>
File: ./Imagenes/image2.png Graphic file (type png)
<use ./Imagenes/image2.png>
Package pdftex.def Info: ./Imagenes/image2.png  used on input line 98.
(pdftex.def)             Requested size: 189.75105pt x 52.42477pt.
<./Imagenes/image3.png, id=24, 307.1475pt x 138.5175pt>
File: ./Imagenes/image3.png Graphic file (type png)
<use ./Imagenes/image3.png>
Package pdftex.def Info: ./Imagenes/image3.png  used on input line 106.
(pdftex.def)             Requested size: 120.7521pt x 54.457pt.
<./Imagenes/image4.png, id=25, 1297.84875pt x 620.3175pt>
File: ./Imagenes/image4.png Graphic file (type png)
<use ./Imagenes/image4.png>
Package pdftex.def Info: ./Imagenes/image4.png  used on input line 115.
(pdftex.def)             Requested size: 345.0pt x 164.89447pt.
 [2 <./Imagenes/image1.png> <./Imagenes/image2.png> <./Imagenes/image3.png> <./Imagenes/image4.png>]
Overfull \hbox (25.00003pt too wide) in paragraph at lines 141--142
[][] 
 []


Overfull \hbox (15.0pt too wide) in paragraph at lines 166--167
[][] 
 []

<./Imagenes/image8.png, id=31, 390.45876pt x 300.12125pt>
File: ./Imagenes/image8.png Graphic file (type png)
<use ./Imagenes/image8.png>
Package pdftex.def Info: ./Imagenes/image8.png  used on input line 175.
(pdftex.def)             Requested size: 120.7521pt x 92.81223pt.
<./Imagenes/image5.png, id=32, 562.1pt x 119.44624pt>
File: ./Imagenes/image5.png Graphic file (type png)
<use ./Imagenes/image5.png>
Package pdftex.def Info: ./Imagenes/image5.png  used on input line 182.
(pdftex.def)             Requested size: 189.75105pt x 40.32138pt.
<./Imagenes/image7.png, id=33, 255.95625pt x 123.46124pt>
File: ./Imagenes/image7.png Graphic file (type png)
<use ./Imagenes/image7.png>
Package pdftex.def Info: ./Imagenes/image7.png  used on input line 190.
(pdftex.def)             Requested size: 86.25pt x 41.60326pt.
[3 <./Imagenes/image8.png> <./Imagenes/image5.png> <./Imagenes/image7.png>]
<./Imagenes/image6.png, id=38, 1324.95pt x 624.3325pt>
File: ./Imagenes/image6.png Graphic file (type png)
<use ./Imagenes/image6.png>
Package pdftex.def Info: ./Imagenes/image6.png  used on input line 203.
(pdftex.def)             Requested size: 345.0pt x 162.56078pt.
<./Imagenes/image10.png, id=39, 765.86125pt x 246.9225pt>
File: ./Imagenes/image10.png Graphic file (type png)
<use ./Imagenes/image10.png>
Package pdftex.def Info: ./Imagenes/image10.png  used on input line 219.
(pdftex.def)             Requested size: 189.75105pt x 61.1766pt.
<./Imagenes/image9.png, id=40, 1079.03125pt x 447.6725pt>
File: ./Imagenes/image9.png Graphic file (type png)
<use ./Imagenes/image9.png>
Package pdftex.def Info: ./Imagenes/image9.png  used on input line 225.
(pdftex.def)             Requested size: 362.25105pt x 150.29398pt.

Overfull \hbox (17.25105pt too wide) in paragraph at lines 217--229
 [] 
 []

<./Imagenes/image11.png, id=41, 1923.185pt x 1032.85875pt>
File: ./Imagenes/image11.png Graphic file (type png)
<use ./Imagenes/image11.png>
Package pdftex.def Info: ./Imagenes/image11.png  used on input line 235.
(pdftex.def)             Requested size: 413.99895pt x 222.32822pt.

Overfull \hbox (68.99895pt too wide) in paragraph at lines 235--237
 [][] 
 []

[4 <./Imagenes/image6.png> <./Imagenes/image10.png> <./Imagenes/image9.png>]
<./Imagenes/image12.png, id=45, 1925.1925pt x 1013.7875pt>
File: ./Imagenes/image12.png Graphic file (type png)
<use ./Imagenes/image12.png>
Package pdftex.def Info: ./Imagenes/image12.png  used on input line 243.
(pdftex.def)             Requested size: 413.99895pt x 218.00647pt.

Overfull \hbox (68.99895pt too wide) in paragraph at lines 243--245
 [][] 
 []

<./Imagenes/image13.png, id=46, 1274.7625pt x 1022.82124pt>
File: ./Imagenes/image13.png Graphic file (type png)
<use ./Imagenes/image13.png>
Package pdftex.def Info: ./Imagenes/image13.png  used on input line 251.
(pdftex.def)             Requested size: 413.99895pt x 332.17886pt.

Overfull \hbox (68.99895pt too wide) in paragraph at lines 251--253
 [][] 
 []

[5 <./Imagenes/image11.png> <./Imagenes/image12.png>] [6 <./Imagenes/image13.png>]
<./Imagenes/image19.png, id=54, 673.51625pt x 194.7275pt>
File: ./Imagenes/image19.png Graphic file (type png)
<use ./Imagenes/image19.png>
Package pdftex.def Info: ./Imagenes/image19.png  used on input line 277.
(pdftex.def)             Requested size: 137.9979pt x 39.89859pt.
<./Imagenes/image14.png, id=55, 510.90875pt x 481.8pt>
File: ./Imagenes/image14.png Graphic file (type png)
<use ./Imagenes/image14.png>
Package pdftex.def Info: ./Imagenes/image14.png  used on input line 284.
(pdftex.def)             Requested size: 276.00105pt x 260.27104pt.
 [7 <./Imagenes/image19.png> <./Imagenes/image14.png>]
<./Imagenes/image15.png, id=59, 1511.6475pt x 838.13126pt>
File: ./Imagenes/image15.png Graphic file (type png)
<use ./Imagenes/image15.png>
Package pdftex.def Info: ./Imagenes/image15.png  used on input line 293.
(pdftex.def)             Requested size: 413.99895pt x 229.53404pt.

Overfull \hbox (68.99895pt too wide) in paragraph at lines 293--295
 [][] 
 []

<./Imagenes/image16.png, id=60, 1898.09125pt x 946.53625pt>
File: ./Imagenes/image16.png Graphic file (type png)
<use ./Imagenes/image16.png>
Package pdftex.def Info: ./Imagenes/image16.png  used on input line 300.
(pdftex.def)             Requested size: 413.99895pt x 206.4477pt.

Overfull \hbox (68.99895pt too wide) in paragraph at lines 300--302
 [][] 
 []

[8 <./Imagenes/image15.png> <./Imagenes/image16.png>]
<./Imagenes/image17.png, id=64, 947.54pt x 341.275pt>
File: ./Imagenes/image17.png Graphic file (type png)
<use ./Imagenes/image17.png>
Package pdftex.def Info: ./Imagenes/image17.png  used on input line 308.
(pdftex.def)             Requested size: 276.00105pt x 99.40463pt.
<./Imagenes/image25.png, id=65, 629.35126pt x 207.77625pt>
File: ./Imagenes/image25.png Graphic file (type png)
<use ./Imagenes/image25.png>
Package pdftex.def Info: ./Imagenes/image25.png  used on input line 320.
(pdftex.def)             Requested size: 137.9979pt x 45.55873pt.
<./Imagenes/image26.png, id=66, 496.85625pt x 443.6575pt>
File: ./Imagenes/image26.png Graphic file (type png)
<use ./Imagenes/image26.png>
Package pdftex.def Info: ./Imagenes/image26.png  used on input line 327.
(pdftex.def)             Requested size: 189.75105pt x 169.4378pt.
 [9 <./Imagenes/image17.png> <./Imagenes/image25.png> <./Imagenes/image26.png>]
<./Imagenes/image27.png, id=70, 1924.18875pt x 1026.83624pt>
File: ./Imagenes/image27.png Graphic file (type png)
<use ./Imagenes/image27.png>
Package pdftex.def Info: ./Imagenes/image27.png  used on input line 336.
(pdftex.def)             Requested size: 413.99895pt x 220.92216pt.

Overfull \hbox (68.99895pt too wide) in paragraph at lines 336--338
 [][] 
 []

<./Imagenes/image28.png, id=71, 1926.19624pt x 1005.7575pt>
File: ./Imagenes/image28.png Graphic file (type png)
<use ./Imagenes/image28.png>
Package pdftex.def Info: ./Imagenes/image28.png  used on input line 343.
(pdftex.def)             Requested size: 413.99895pt x 216.1569pt.

Overfull \hbox (68.99895pt too wide) in paragraph at lines 343--345
 [][] 
 []

[10 <./Imagenes/image27.png> <./Imagenes/image28.png>]
<./Imagenes/image29.png, id=75, 828.09375pt x 401.5pt>
File: ./Imagenes/image29.png Graphic file (type png)
<use ./Imagenes/image29.png>
Package pdftex.def Info: ./Imagenes/image29.png  used on input line 351.
(pdftex.def)             Requested size: 276.00105pt x 133.8187pt.
<./Imagenes/image20.png, id=76, 453.695pt x 154.5775pt>
File: ./Imagenes/image20.png Graphic file (type png)
<use ./Imagenes/image20.png>
Package pdftex.def Info: ./Imagenes/image20.png  used on input line 362.
(pdftex.def)             Requested size: 137.9979pt x 47.0175pt.
<./Imagenes/image21.png, id=77, 511.9125pt x 493.845pt>
File: ./Imagenes/image21.png Graphic file (type png)
<use ./Imagenes/image21.png>
Package pdftex.def Info: ./Imagenes/image21.png  used on input line 369.
(pdftex.def)             Requested size: 172.5pt x 166.41306pt.
 [11 <./Imagenes/image29.png> <./Imagenes/image20.png> <./Imagenes/image21.png>]
<./Imagenes/image22.png, id=81, 1924.18875pt x 1035.87pt>
File: ./Imagenes/image22.png Graphic file (type png)
<use ./Imagenes/image22.png>
Package pdftex.def Info: ./Imagenes/image22.png  used on input line 378.
(pdftex.def)             Requested size: 413.99895pt x 222.86577pt.

Overfull \hbox (68.99895pt too wide) in paragraph at lines 378--380
 [][] 
 []

<./Imagenes/image23.png, id=82, 1925.1925pt x 1017.8025pt>
File: ./Imagenes/image23.png Graphic file (type png)
<use ./Imagenes/image23.png>
Package pdftex.def Info: ./Imagenes/image23.png  used on input line 385.
(pdftex.def)             Requested size: 413.99895pt x 218.86986pt.

Overfull \hbox (68.99895pt too wide) in paragraph at lines 385--387
 [][] 
 []

[12 <./Imagenes/image22.png> <./Imagenes/image23.png>]
<./Imagenes/image24.png, id=87, 884.30376pt x 333.245pt>
File: ./Imagenes/image24.png Graphic file (type png)
<use ./Imagenes/image24.png>
Package pdftex.def Info: ./Imagenes/image24.png  used on input line 393.
(pdftex.def)             Requested size: 276.00105pt x 104.01167pt.
 [13 <./Imagenes/image24.png>] [14]
<./Imagenes/image30.png, id=95, 1925.1925pt x 1004.75375pt>
File: ./Imagenes/image30.png Graphic file (type png)
<use ./Imagenes/image30.png>
Package pdftex.def Info: ./Imagenes/image30.png  used on input line 460.
(pdftex.def)             Requested size: 345.0pt x 180.05064pt.
<./Imagenes/image31.png, id=96, 1923.185pt x 999.735pt>
File: ./Imagenes/image31.png Graphic file (type png)
<use ./Imagenes/image31.png>
Package pdftex.def Info: ./Imagenes/image31.png  used on input line 467.
(pdftex.def)             Requested size: 345.0pt x 179.33434pt.
 [15 <./Imagenes/image30.png> <./Imagenes/image31.png>] (./Examen.aux)

LaTeX Warning: There were multiply-defined labels.

 ) 
Here is how much of TeX's memory you used:
 4359 strings out of 478051
 73130 string characters out of 5840942
 1858330 words of memory out of 5000000
 24437 multiletter control sequences out of 15000+600000
 520514 words of font info for 63 fonts, out of 8000000 for 9000
 14 hyphenation exceptions out of 8191
 67i,9n,77p,330b,556s stack positions out of 10000i,1000n,20000p,200000b,200000s
</usr/share/texlive/texmf-dist/fonts/type1/public/amsfonts/cm/cmbx10.pfb></usr/share/texlive/texmf-dist/fonts/type1/public/amsfonts/cm/cmbx12.pfb></usr/share/texlive/texmf-dist/fonts/type1/public/amsfonts/cm/cmcsc10.pfb></usr/share/texlive/texmf-dist/fonts/type1/public/amsfonts/cm/cmmi10.pfb></usr/share/texlive/texmf-dist/fonts/type1/public/amsfonts/cm/cmmi7.pfb></usr/share/texlive/texmf-dist/fonts/type1/public/amsfonts/cm/cmmi9.pfb></usr/share/texlive/texmf-dist/fonts/type1/public/amsfonts/cm/cmr10.pfb></usr/share/texlive/texmf-dist/fonts/type1/public/amsfonts/cm/cmr12.pfb></usr/share/texlive/texmf-dist/fonts/type1/public/amsfonts/cm/cmr7.pfb></usr/share/texlive/texmf-dist/fonts/type1/public/amsfonts/cm/cmr9.pfb></usr/share/texlive/texmf-dist/fonts/type1/public/amsfonts/cm/cmsy10.pfb></usr/share/texlive/texmf-dist/fonts/type1/public/amsfonts/cm/cmsy7.pfb></usr/share/texlive/texmf-dist/fonts/type1/public/amsfonts/cm/cmti12.pfb></usr/share/texlive/texmf-dist/fonts/type1/public/amsfonts/symbols/msbm10.pfb>
Output written on Examen.pdf (16 pages, 1335021 bytes).
PDF statistics:
 159 PDF objects out of 1000 (max. 8388607)
 80 compressed objects within 1 object stream
 0 named destinations out of 1000 (max. 500000)
 156 words of extra memory for PDF output out of 10000 (max. 10000000)

